[0.007s] Invoking command in '/home/sanjay/ros2_workspaces/nav_turtlebot/build/slam_pkg': CMAKE_PREFIX_PATH=${CMAKE_PREFIX_PATH}:/opt/ros/humble /usr/bin/cmake --build /home/sanjay/ros2_workspaces/nav_turtlebot/build/slam_pkg -- -j12 -l12
[0.037s] Invoked command in '/home/sanjay/ros2_workspaces/nav_turtlebot/build/slam_pkg' returned '0': CMAKE_PREFIX_PATH=${CMAKE_PREFIX_PATH}:/opt/ros/humble /usr/bin/cmake --build /home/sanjay/ros2_workspaces/nav_turtlebot/build/slam_pkg -- -j12 -l12
[0.046s] Invoking command in '/home/sanjay/ros2_workspaces/nav_turtlebot/build/slam_pkg': CMAKE_PREFIX_PATH=${CMAKE_PREFIX_PATH}:/opt/ros/humble /usr/bin/cmake --install /home/sanjay/ros2_workspaces/nav_turtlebot/build/slam_pkg
[0.052s] -- Install configuration: ""
[0.052s] -- Up-to-date: /home/sanjay/ros2_workspaces/nav_turtlebot/install/slam_pkg/share/slam_pkg/launch
[0.052s] -- Up-to-date: /home/sanjay/ros2_workspaces/nav_turtlebot/install/slam_pkg/share/slam_pkg/launch/localisation_amcl.launch.py
[0.052s] -- Up-to-date: /home/sanjay/ros2_workspaces/nav_turtlebot/install/slam_pkg/share/slam_pkg/launch/nav2.launch.py
[0.052s] -- Up-to-date: /home/sanjay/ros2_workspaces/nav_turtlebot/install/slam_pkg/share/slam_pkg/launch/slam.launch.py
[0.052s] -- Up-to-date: /home/sanjay/ros2_workspaces/nav_turtlebot/install/slam_pkg/share/slam_pkg/config
[0.052s] -- Up-to-date: /home/sanjay/ros2_workspaces/nav_turtlebot/install/slam_pkg/share/slam_pkg/config/slam_rviz_config.rviz
[0.052s] -- Up-to-date: /home/sanjay/ros2_workspaces/nav_turtlebot/install/slam_pkg/share/slam_pkg/config/mapper_params_online_async.yaml
[0.052s] -- Up-to-date: /home/sanjay/ros2_workspaces/nav_turtlebot/install/slam_pkg/share/slam_pkg/config/localisation_rviz_config.rviz
[0.052s] -- Up-to-date: /home/sanjay/ros2_workspaces/nav_turtlebot/install/slam_pkg/share/ament_index/resource_index/package_run_dependencies/slam_pkg
[0.052s] -- Up-to-date: /home/sanjay/ros2_workspaces/nav_turtlebot/install/slam_pkg/share/ament_index/resource_index/parent_prefix_path/slam_pkg
[0.052s] -- Up-to-date: /home/sanjay/ros2_workspaces/nav_turtlebot/install/slam_pkg/share/slam_pkg/environment/ament_prefix_path.sh
[0.052s] -- Up-to-date: /home/sanjay/ros2_workspaces/nav_turtlebot/install/slam_pkg/share/slam_pkg/environment/ament_prefix_path.dsv
[0.052s] -- Up-to-date: /home/sanjay/ros2_workspaces/nav_turtlebot/install/slam_pkg/share/slam_pkg/environment/path.sh
[0.052s] -- Up-to-date: /home/sanjay/ros2_workspaces/nav_turtlebot/install/slam_pkg/share/slam_pkg/environment/path.dsv
[0.052s] -- Up-to-date: /home/sanjay/ros2_workspaces/nav_turtlebot/install/slam_pkg/share/slam_pkg/local_setup.bash
[0.052s] -- Up-to-date: /home/sanjay/ros2_workspaces/nav_turtlebot/install/slam_pkg/share/slam_pkg/local_setup.sh
[0.052s] -- Up-to-date: /home/sanjay/ros2_workspaces/nav_turtlebot/install/slam_pkg/share/slam_pkg/local_setup.zsh
[0.052s] -- Up-to-date: /home/sanjay/ros2_workspaces/nav_turtlebot/install/slam_pkg/share/slam_pkg/local_setup.dsv
[0.052s] -- Installing: /home/sanjay/ros2_workspaces/nav_turtlebot/install/slam_pkg/share/slam_pkg/package.dsv
[0.052s] -- Up-to-date: /home/sanjay/ros2_workspaces/nav_turtlebot/install/slam_pkg/share/ament_index/resource_index/packages/slam_pkg
[0.052s] -- Up-to-date: /home/sanjay/ros2_workspaces/nav_turtlebot/install/slam_pkg/share/slam_pkg/cmake/slam_pkgConfig.cmake
[0.053s] -- Up-to-date: /home/sanjay/ros2_workspaces/nav_turtlebot/install/slam_pkg/share/slam_pkg/cmake/slam_pkgConfig-version.cmake
[0.053s] Invoked command in '/home/sanjay/ros2_workspaces/nav_turtlebot/build/slam_pkg' returned '0': CMAKE_PREFIX_PATH=${CMAKE_PREFIX_PATH}:/opt/ros/humble /usr/bin/cmake --install /home/sanjay/ros2_workspaces/nav_turtlebot/build/slam_pkg
