-- Install configuration: ""
-- Up-to-date: /home/sanjay/ros2_workspaces/nav_turtlebot/install/slam_pkg/share/slam_pkg/launch
-- Installing: /home/sanjay/ros2_workspaces/nav_turtlebot/install/slam_pkg/share/slam_pkg/launch/localisation_amcl.launch.py
-- Up-to-date: /home/sanjay/ros2_workspaces/nav_turtlebot/install/slam_pkg/share/slam_pkg/launch/slam.launch.py
-- Up-to-date: /home/sanjay/ros2_workspaces/nav_turtlebot/install/slam_pkg/share/slam_pkg/config
-- Up-to-date: /home/sanjay/ros2_workspaces/nav_turtlebot/install/slam_pkg/share/slam_pkg/config/slam_rviz_config.rviz
-- Up-to-date: /home/sanjay/ros2_workspaces/nav_turtlebot/install/slam_pkg/share/slam_pkg/config/mapper_params_online_async.yaml
-- Installing: /home/sanjay/ros2_workspaces/nav_turtlebot/install/slam_pkg/share/slam_pkg/config/localisation_rviz_config.rviz
-- Up-to-date: /home/sanjay/ros2_workspaces/nav_turtlebot/install/slam_pkg/share/ament_index/resource_index/package_run_dependencies/slam_pkg
-- Up-to-date: /home/sanjay/ros2_workspaces/nav_turtlebot/install/slam_pkg/share/ament_index/resource_index/parent_prefix_path/slam_pkg
-- Up-to-date: /home/sanjay/ros2_workspaces/nav_turtlebot/install/slam_pkg/share/slam_pkg/environment/ament_prefix_path.sh
-- Up-to-date: /home/sanjay/ros2_workspaces/nav_turtlebot/install/slam_pkg/share/slam_pkg/environment/ament_prefix_path.dsv
-- Up-to-date: /home/sanjay/ros2_workspaces/nav_turtlebot/install/slam_pkg/share/slam_pkg/environment/path.sh
-- Up-to-date: /home/sanjay/ros2_workspaces/nav_turtlebot/install/slam_pkg/share/slam_pkg/environment/path.dsv
-- Up-to-date: /home/sanjay/ros2_workspaces/nav_turtlebot/install/slam_pkg/share/slam_pkg/local_setup.bash
-- Up-to-date: /home/sanjay/ros2_workspaces/nav_turtlebot/install/slam_pkg/share/slam_pkg/local_setup.sh
-- Up-to-date: /home/sanjay/ros2_workspaces/nav_turtlebot/install/slam_pkg/share/slam_pkg/local_setup.zsh
-- Up-to-date: /home/sanjay/ros2_workspaces/nav_turtlebot/install/slam_pkg/share/slam_pkg/local_setup.dsv
-- Installing: /home/sanjay/ros2_workspaces/nav_turtlebot/install/slam_pkg/share/slam_pkg/package.dsv
-- Up-to-date: /home/sanjay/ros2_workspaces/nav_turtlebot/install/slam_pkg/share/ament_index/resource_index/packages/slam_pkg
-- Up-to-date: /home/sanjay/ros2_workspaces/nav_turtlebot/install/slam_pkg/share/slam_pkg/cmake/slam_pkgConfig.cmake
-- Up-to-date: /home/sanjay/ros2_workspaces/nav_turtlebot/install/slam_pkg/share/slam_pkg/cmake/slam_pkgConfig-version.cmake
