running develop
running egg_info
creating slam_pkg.egg-info
writing slam_pkg.egg-info/PKG-INFO
writing dependency_links to slam_pkg.egg-info/dependency_links.txt
writing entry points to slam_pkg.egg-info/entry_points.txt
writing requirements to slam_pkg.egg-info/requires.txt
writing top-level names to slam_pkg.egg-info/top_level.txt
writing manifest file 'slam_pkg.egg-info/SOURCES.txt'
reading manifest file 'slam_pkg.egg-info/SOURCES.txt'
writing manifest file 'slam_pkg.egg-info/SOURCES.txt'
running build_ext
Creating /home/sanjay/ros2_workspaces/nav_turtlebot/install/slam_pkg/lib/python3.10/site-packages/slam-pkg.egg-link (link to .)

Installed /home/sanjay/ros2_workspaces/nav_turtlebot/build/slam_pkg
running symlink_data
creating /home/sanjay/ros2_workspaces/nav_turtlebot/install/slam_pkg/share/ament_index
creating /home/sanjay/ros2_workspaces/nav_turtlebot/install/slam_pkg/share/ament_index/resource_index
creating /home/sanjay/ros2_workspaces/nav_turtlebot/install/slam_pkg/share/ament_index/resource_index/packages
symbolically linking /home/sanjay/ros2_workspaces/nav_turtlebot/build/slam_pkg/resource/slam_pkg -> /home/sanjay/ros2_workspaces/nav_turtlebot/install/slam_pkg/share/ament_index/resource_index/packages
symbolically linking /home/sanjay/ros2_workspaces/nav_turtlebot/build/slam_pkg/package.xml -> /home/sanjay/ros2_workspaces/nav_turtlebot/install/slam_pkg/share/slam_pkg
